<?xml version="1.0" encoding="UTF-8"?>
<!-- Generated by org.testng.reporters.JUnitReportReporter -->
<testsuite hostname="27-PC" name="com.testng.NewTest" tests="1" failures="0" timestamp="23 Sep 2014 04:12:55 GMT" time="222.868" errors="0">
  <testcase name="f" time="222.868" classname="com.testng.NewTest"/>
</testsuite> <!-- com.testng.NewTest -->
